<?xml version="1.0" encoding="UTF-8"?>
<!-- Generated by org.testng.reporters.JUnitXMLReporter -->
<testsuite hostname="Aditya-PC" ignored="0" name="Test" tests="4" failures="0" timestamp="04 Jan 2020 14:26:22 GMT" time="38.196" errors="0">
  <testcase name="test3" time="31.194" classname="actual.NewTest3"/>
  <testcase name="tes" time="36.896" classname="actual.NewTest"/>
  <testcase name="test4" time="37.897" classname="actual.NewTest4"/>
  <testcase name="test2" time="38.165" classname="actual.NewTest2"/>
</testsuite> <!-- Test -->
