<?xml version="1.0" encoding="UTF-8"?>
<!-- Generated by org.testng.reporters.JUnitXMLReporter -->
<testsuite hostname="Aditya-PC" ignored="0" name="Test" tests="4" failures="0" timestamp="23 Jul 2019 11:10:17 GMT" time="23.772" errors="0">
  <testcase name="test3" time="16.48" classname="actual.NewTest3"/>
  <testcase name="test4" time="20.35" classname="actual.NewTest4"/>
  <testcase name="test2" time="21.138" classname="actual.NewTest2"/>
  <testcase name="tes" time="23.736" classname="actual.NewTest"/>
</testsuite> <!-- Test -->
