<?xml version="1.0" encoding="UTF-8"?>
<testng-results skipped="0" failed="0" ignored="0" total="1" passed="1">
  <reporter-output>
  </reporter-output>
  <suite name="Default suite" duration-ms="16" started-at="2019-08-04T06:06:51Z" finished-at="2019-08-04T06:06:51Z">
    <groups>
    </groups>
    <test name="Default test" duration-ms="16" started-at="2019-08-04T06:06:51Z" finished-at="2019-08-04T06:06:51Z">
      <class name="git_pract.git_pr">
        <test-method status="PASS" signature="gi()[pri:0, instance:git_pract.git_pr@50c87b21]" name="gi" duration-ms="0" started-at="2019-08-04T06:06:51Z" finished-at="2019-08-04T06:06:51Z">
          <reporter-output>
          </reporter-output>
        </test-method> <!-- gi -->
      </class> <!-- git_pract.git_pr -->
    </test> <!-- Default test -->
  </suite> <!-- Default suite -->
</testng-results>
