<?xml version="1.0" encoding="UTF-8"?>
<testng-results skipped="0" failed="0" ignored="0" total="4" passed="4">
  <reporter-output>
    <line>
      <![CDATA[driver initialized]]>
    </line>
    <line>
      <![CDATA[AUT launched]]>
    </line>
    <line>
      <![CDATA[Uname Entered]]>
    </line>
    <line>
      <![CDATA[ScreenShot taken and placed in folder]]>
    </line>
    <line>
      <![CDATA[Test Completed]]>
    </line>
  </reporter-output>
  <suite name="Suite" duration-ms="23772" started-at="2019-07-23T11:09:53Z" finished-at="2019-07-23T11:10:17Z">
    <groups>
    </groups>
    <test name="Test" duration-ms="23772" started-at="2019-07-23T11:09:53Z" finished-at="2019-07-23T11:10:17Z">
      <class name="actual.NewTest">
        <test-method status="PASS" signature="tes()[pri:0, instance:actual.NewTest@4520ebad]" name="tes" duration-ms="23736" started-at="2019-07-23T11:09:53Z" finished-at="2019-07-23T11:10:17Z">
          <reporter-output>
            <line>
              <![CDATA[driver initialized]]>
            </line>
            <line>
              <![CDATA[AUT launched]]>
            </line>
            <line>
              <![CDATA[Uname Entered]]>
            </line>
            <line>
              <![CDATA[ScreenShot taken and placed in folder]]>
            </line>
            <line>
              <![CDATA[Test Completed]]>
            </line>
          </reporter-output>
        </test-method> <!-- tes -->
      </class> <!-- actual.NewTest -->
      <class name="actual.NewTest2">
        <test-method status="PASS" signature="test2()[pri:0, instance:actual.NewTest2@5419f379]" name="test2" duration-ms="21138" started-at="2019-07-23T11:09:53Z" finished-at="2019-07-23T11:10:14Z">
          <reporter-output>
          </reporter-output>
        </test-method> <!-- test2 -->
      </class> <!-- actual.NewTest2 -->
      <class name="actual.NewTest3">
        <test-method status="PASS" signature="test3()[pri:0, instance:actual.NewTest3@7dc7cbad]" name="test3" duration-ms="16480" started-at="2019-07-23T11:09:53Z" finished-at="2019-07-23T11:10:09Z">
          <reporter-output>
          </reporter-output>
        </test-method> <!-- test3 -->
      </class> <!-- actual.NewTest3 -->
      <class name="actual.NewTest4">
        <test-method status="PASS" signature="test4()[pri:0, instance:actual.NewTest4@d2cc05a]" name="test4" duration-ms="20350" started-at="2019-07-23T11:09:53Z" finished-at="2019-07-23T11:10:13Z">
          <reporter-output>
          </reporter-output>
        </test-method> <!-- test4 -->
      </class> <!-- actual.NewTest4 -->
    </test> <!-- Test -->
  </suite> <!-- Suite -->
</testng-results>
