<?xml version="1.0" encoding="UTF-8"?>
<testng-results skipped="0" failed="0" ignored="0" total="1" passed="1">
  <reporter-output>
  </reporter-output>
  <suite name="Default suite" duration-ms="14595" started-at="2020-02-02T06:20:12Z" finished-at="2020-02-02T06:20:27Z">
    <groups>
    </groups>
    <test name="Default test" duration-ms="14595" started-at="2020-02-02T06:20:12Z" finished-at="2020-02-02T06:20:27Z">
      <class name="actual.NewTest">
        <test-method status="PASS" signature="tes()[pri:0, instance:actual.NewTest@55f3ddb1]" name="tes" duration-ms="14575" started-at="2020-02-02T06:20:12Z" finished-at="2020-02-02T06:20:27Z">
          <reporter-output>
          </reporter-output>
        </test-method> <!-- tes -->
      </class> <!-- actual.NewTest -->
    </test> <!-- Default test -->
  </suite> <!-- Default suite -->
</testng-results>
